{
  error: Error: ENOENT: no such file or directory, open '/media/h-9/data/rslang/server/doc/api.yaml'
      at Object.openSync (fs.js:476:3)
      at Object.readFileSync (fs.js:377:35)
      at Function.Utils.getStringFromFile (/media/h-9/data/rslang/server/node_modules/yamljs/lib/Utils.js:284:19)
      at Function.Yaml.parseFile (/media/h-9/data/rslang/server/node_modules/yamljs/lib/Yaml.js:46:21)
      at Function.Yaml.load (/media/h-9/data/rslang/server/node_modules/yamljs/lib/Yaml.js:78:17)
      at Object.<anonymous> (/media/h-9/data/rslang/server/src/app.js:27:30)
      at Module._compile (internal/modules/cjs/loader.js:1063:30)
      at Object.Module._extensions..js (internal/modules/cjs/loader.js:1092:10)
      at Module.load (internal/modules/cjs/loader.js:928:32)
      at Function.Module._load (internal/modules/cjs/loader.js:769:14)
      at Module.require (internal/modules/cjs/loader.js:952:19)
      at require (internal/modules/cjs/helpers.js:88:18)
      at Object.<anonymous> (/media/h-9/data/rslang/server/src/server.js:10:13)
      at Module._compile (internal/modules/cjs/loader.js:1063:30)
      at Object.Module._extensions..js (internal/modules/cjs/loader.js:1092:10)
      at Module.load (internal/modules/cjs/loader.js:928:32) {
    errno: -2,
    syscall: 'open',
    code: 'ENOENT',
    path: '/media/h-9/data/rslang/server/doc/api.yaml'
  },
  level: 'error',
  message: "uncaughtException: ENOENT: no such file or directory, open '/media/h-9/data/rslang/server/doc/api.yaml'\n" +
    "Error: ENOENT: no such file or directory, open '/media/h-9/data/rslang/server/doc/api.yaml'\n" +
    '    at Object.openSync (fs.js:476:3)\n' +
    '    at Object.readFileSync (fs.js:377:35)\n' +
    '    at Function.Utils.getStringFromFile (/media/h-9/data/rslang/server/node_modules/yamljs/lib/Utils.js:284:19)\n' +
    '    at Function.Yaml.parseFile (/media/h-9/data/rslang/server/node_modules/yamljs/lib/Yaml.js:46:21)\n' +
    '    at Function.Yaml.load (/media/h-9/data/rslang/server/node_modules/yamljs/lib/Yaml.js:78:17)\n' +
    '    at Object.<anonymous> (/media/h-9/data/rslang/server/src/app.js:27:30)\n' +
    '    at Module._compile (internal/modules/cjs/loader.js:1063:30)\n' +
    '    at Object.Module._extensions..js (internal/modules/cjs/loader.js:1092:10)\n' +
    '    at Module.load (internal/modules/cjs/loader.js:928:32)\n' +
    '    at Function.Module._load (internal/modules/cjs/loader.js:769:14)\n' +
    '    at Module.require (internal/modules/cjs/loader.js:952:19)\n' +
    '    at require (internal/modules/cjs/helpers.js:88:18)\n' +
    '    at Object.<anonymous> (/media/h-9/data/rslang/server/src/server.js:10:13)\n' +
    '    at Module._compile (internal/modules/cjs/loader.js:1063:30)\n' +
    '    at Object.Module._extensions..js (internal/modules/cjs/loader.js:1092:10)\n' +
    '    at Module.load (internal/modules/cjs/loader.js:928:32)',
  stack: "Error: ENOENT: no such file or directory, open '/media/h-9/data/rslang/server/doc/api.yaml'\n" +
    '    at Object.openSync (fs.js:476:3)\n' +
    '    at Object.readFileSync (fs.js:377:35)\n' +
    '    at Function.Utils.getStringFromFile (/media/h-9/data/rslang/server/node_modules/yamljs/lib/Utils.js:284:19)\n' +
    '    at Function.Yaml.parseFile (/media/h-9/data/rslang/server/node_modules/yamljs/lib/Yaml.js:46:21)\n' +
    '    at Function.Yaml.load (/media/h-9/data/rslang/server/node_modules/yamljs/lib/Yaml.js:78:17)\n' +
    '    at Object.<anonymous> (/media/h-9/data/rslang/server/src/app.js:27:30)\n' +
    '    at Module._compile (internal/modules/cjs/loader.js:1063:30)\n' +
    '    at Object.Module._extensions..js (internal/modules/cjs/loader.js:1092:10)\n' +
    '    at Module.load (internal/modules/cjs/loader.js:928:32)\n' +
    '    at Function.Module._load (internal/modules/cjs/loader.js:769:14)\n' +
    '    at Module.require (internal/modules/cjs/loader.js:952:19)\n' +
    '    at require (internal/modules/cjs/helpers.js:88:18)\n' +
    '    at Object.<anonymous> (/media/h-9/data/rslang/server/src/server.js:10:13)\n' +
    '    at Module._compile (internal/modules/cjs/loader.js:1063:30)\n' +
    '    at Object.Module._extensions..js (internal/modules/cjs/loader.js:1092:10)\n' +
    '    at Module.load (internal/modules/cjs/loader.js:928:32)',
  exception: true,
  date: 'Thu Mar 25 2021 22:36:33 GMT+0200 (Восточная Европа, стандартное время)',
  process: {
    pid: 8867,
    uid: 1000,
    gid: 1000,
    cwd: '/media/h-9/data/rslang/server',
    execPath: '/usr/local/lib/nodejs/node-v14.15.4-linux-x64/bin/node',
    version: 'v14.15.4',
    argv: [
      '/usr/local/lib/nodejs/node-v14.15.4-linux-x64/bin/node',
      '/media/h-9/data/rslang/server/src/server.js'
    ],
    memoryUsage: {
      rss: 85340160,
      heapTotal: 57176064,
      heapUsed: 35165016,
      external: 20601137,
      arrayBuffers: 19103814
    }
  },
  os: { loadavg: [ 1.6, 1.38, 1.03 ], uptime: 4610 },
  trace: [
    {
      column: 3,
      file: 'fs.js',
      function: 'Object.openSync',
      line: 476,
      method: 'openSync',
      native: false
    },
    {
      column: 35,
      file: 'fs.js',
      function: 'Object.readFileSync',
      line: 377,
      method: 'readFileSync',
      native: false
    },
    {
      column: 19,
      file: '/media/h-9/data/rslang/server/node_modules/yamljs/lib/Utils.js',
      function: 'Function.Utils.getStringFromFile',
      line: 284,
      method: 'getStringFromFile',
      native: false
    },
    {
      column: 21,
      file: '/media/h-9/data/rslang/server/node_modules/yamljs/lib/Yaml.js',
      function: 'Function.Yaml.parseFile',
      line: 46,
      method: 'parseFile',
      native: false
    },
    {
      column: 17,
      file: '/media/h-9/data/rslang/server/node_modules/yamljs/lib/Yaml.js',
      function: 'Function.Yaml.load',
      line: 78,
      method: 'load',
      native: false
    },
    {
      column: 30,
      file: '/media/h-9/data/rslang/server/src/app.js',
      function: null,
      line: 27,
      method: null,
      native: false
    },
    {
      column: 30,
      file: 'internal/modules/cjs/loader.js',
      function: 'Module._compile',
      line: 1063,
      method: '_compile',
      native: false
    },
    {
      column: 10,
      file: 'internal/modules/cjs/loader.js',
      function: 'Module._extensions..js',
      line: 1092,
      method: '.js',
      native: false
    },
    {
      column: 32,
      file: 'internal/modules/cjs/loader.js',
      function: 'Module.load',
      line: 928,
      method: 'load',
      native: false
    },
    {
      column: 14,
      file: 'internal/modules/cjs/loader.js',
      function: 'Module._load',
      line: 769,
      method: '_load',
      native: false
    },
    {
      column: 19,
      file: 'internal/modules/cjs/loader.js',
      function: 'Module.require',
      line: 952,
      method: 'require',
      native: false
    },
    {
      column: 18,
      file: 'internal/modules/cjs/helpers.js',
      function: 'require',
      line: 88,
      method: null,
      native: false
    },
    {
      column: 13,
      file: '/media/h-9/data/rslang/server/src/server.js',
      function: null,
      line: 10,
      method: null,
      native: false
    },
    {
      column: 30,
      file: 'internal/modules/cjs/loader.js',
      function: 'Module._compile',
      line: 1063,
      method: '_compile',
      native: false
    },
    {
      column: 10,
      file: 'internal/modules/cjs/loader.js',
      function: 'Module._extensions..js',
      line: 1092,
      method: '.js',
      native: false
    },
    {
      column: 32,
      file: 'internal/modules/cjs/loader.js',
      function: 'Module.load',
      line: 928,
      method: 'load',
      native: false
    }
  ],
  timestamp: '2021-03-25T20:36:33.272Z'
}
{
  message: 'MongoDB connection error:',
  level: 'error',
  timestamp: '2021-03-25T20:40:35.066Z'
}
{
  error: TypeError: Cannot read property 'split' of null
      at parseSrvConnectionString (/media/h-9/data/rslang/server/node_modules/mongodb/lib/core/uri_parser.js:50:23)
      at parseConnectionString (/media/h-9/data/rslang/server/node_modules/mongodb/lib/core/uri_parser.js:595:12)
      at connect (/media/h-9/data/rslang/server/node_modules/mongodb/lib/operations/connect.js:282:3)
      at /media/h-9/data/rslang/server/node_modules/mongodb/lib/mongo_client.js:225:5
      at maybePromise (/media/h-9/data/rslang/server/node_modules/mongodb/lib/utils.js:685:3)
      at MongoClient.connect (/media/h-9/data/rslang/server/node_modules/mongodb/lib/mongo_client.js:221:10)
      at /media/h-9/data/rslang/server/node_modules/mongoose/lib/connection.js:828:12
      at new Promise (<anonymous>)
      at NativeConnection.Connection.openUri (/media/h-9/data/rslang/server/node_modules/mongoose/lib/connection.js:825:19)
      at /media/h-9/data/rslang/server/node_modules/mongoose/lib/index.js:348:10
      at /media/h-9/data/rslang/server/node_modules/mongoose/lib/helpers/promiseOrCallback.js:31:5
      at new Promise (<anonymous>)
      at promiseOrCallback (/media/h-9/data/rslang/server/node_modules/mongoose/lib/helpers/promiseOrCallback.js:30:10)
      at Mongoose._promiseOrCallback (/media/h-9/data/rslang/server/node_modules/mongoose/lib/index.js:1149:10)
      at Mongoose.connect (/media/h-9/data/rslang/server/node_modules/mongoose/lib/index.js:347:20)
      at Object.<anonymous> (/media/h-9/data/rslang/server/src/server.js:12:10),
  level: 'error',
  message: "uncaughtException: Cannot read property 'split' of null\n" +
    "TypeError: Cannot read property 'split' of null\n" +
    '    at parseSrvConnectionString (/media/h-9/data/rslang/server/node_modules/mongodb/lib/core/uri_parser.js:50:23)\n' +
    '    at parseConnectionString (/media/h-9/data/rslang/server/node_modules/mongodb/lib/core/uri_parser.js:595:12)\n' +
    '    at connect (/media/h-9/data/rslang/server/node_modules/mongodb/lib/operations/connect.js:282:3)\n' +
    '    at /media/h-9/data/rslang/server/node_modules/mongodb/lib/mongo_client.js:225:5\n' +
    '    at maybePromise (/media/h-9/data/rslang/server/node_modules/mongodb/lib/utils.js:685:3)\n' +
    '    at MongoClient.connect (/media/h-9/data/rslang/server/node_modules/mongodb/lib/mongo_client.js:221:10)\n' +
    '    at /media/h-9/data/rslang/server/node_modules/mongoose/lib/connection.js:828:12\n' +
    '    at new Promise (<anonymous>)\n' +
    '    at NativeConnection.Connection.openUri (/media/h-9/data/rslang/server/node_modules/mongoose/lib/connection.js:825:19)\n' +
    '    at /media/h-9/data/rslang/server/node_modules/mongoose/lib/index.js:348:10\n' +
    '    at /media/h-9/data/rslang/server/node_modules/mongoose/lib/helpers/promiseOrCallback.js:31:5\n' +
    '    at new Promise (<anonymous>)\n' +
    '    at promiseOrCallback (/media/h-9/data/rslang/server/node_modules/mongoose/lib/helpers/promiseOrCallback.js:30:10)\n' +
    '    at Mongoose._promiseOrCallback (/media/h-9/data/rslang/server/node_modules/mongoose/lib/index.js:1149:10)\n' +
    '    at Mongoose.connect (/media/h-9/data/rslang/server/node_modules/mongoose/lib/index.js:347:20)\n' +
    '    at Object.<anonymous> (/media/h-9/data/rslang/server/src/server.js:12:10)',
  stack: "TypeError: Cannot read property 'split' of null\n" +
    '    at parseSrvConnectionString (/media/h-9/data/rslang/server/node_modules/mongodb/lib/core/uri_parser.js:50:23)\n' +
    '    at parseConnectionString (/media/h-9/data/rslang/server/node_modules/mongodb/lib/core/uri_parser.js:595:12)\n' +
    '    at connect (/media/h-9/data/rslang/server/node_modules/mongodb/lib/operations/connect.js:282:3)\n' +
    '    at /media/h-9/data/rslang/server/node_modules/mongodb/lib/mongo_client.js:225:5\n' +
    '    at maybePromise (/media/h-9/data/rslang/server/node_modules/mongodb/lib/utils.js:685:3)\n' +
    '    at MongoClient.connect (/media/h-9/data/rslang/server/node_modules/mongodb/lib/mongo_client.js:221:10)\n' +
    '    at /media/h-9/data/rslang/server/node_modules/mongoose/lib/connection.js:828:12\n' +
    '    at new Promise (<anonymous>)\n' +
    '    at NativeConnection.Connection.openUri (/media/h-9/data/rslang/server/node_modules/mongoose/lib/connection.js:825:19)\n' +
    '    at /media/h-9/data/rslang/server/node_modules/mongoose/lib/index.js:348:10\n' +
    '    at /media/h-9/data/rslang/server/node_modules/mongoose/lib/helpers/promiseOrCallback.js:31:5\n' +
    '    at new Promise (<anonymous>)\n' +
    '    at promiseOrCallback (/media/h-9/data/rslang/server/node_modules/mongoose/lib/helpers/promiseOrCallback.js:30:10)\n' +
    '    at Mongoose._promiseOrCallback (/media/h-9/data/rslang/server/node_modules/mongoose/lib/index.js:1149:10)\n' +
    '    at Mongoose.connect (/media/h-9/data/rslang/server/node_modules/mongoose/lib/index.js:347:20)\n' +
    '    at Object.<anonymous> (/media/h-9/data/rslang/server/src/server.js:12:10)',
  exception: true,
  date: 'Thu Mar 25 2021 22:40:35 GMT+0200 (Восточная Европа, стандартное время)',
  process: {
    pid: 9434,
    uid: 1000,
    gid: 1000,
    cwd: '/media/h-9/data/rslang/server',
    execPath: '/usr/local/lib/nodejs/node-v14.15.4-linux-x64/bin/node',
    version: 'v14.15.4',
    argv: [
      '/usr/local/lib/nodejs/node-v14.15.4-linux-x64/bin/node',
      '/media/h-9/data/rslang/server/src/server.js'
    ],
    memoryUsage: {
      rss: 85405696,
      heapTotal: 60321792,
      heapUsed: 36754808,
      external: 20331346,
      arrayBuffers: 18820607
    }
  },
  os: { loadavg: [ 0.82, 0.99, 0.95 ], uptime: 4852 },
  trace: [
    {
      column: 23,
      file: '/media/h-9/data/rslang/server/node_modules/mongodb/lib/core/uri_parser.js',
      function: 'parseSrvConnectionString',
      line: 50,
      method: null,
      native: false
    },
    {
      column: 12,
      file: '/media/h-9/data/rslang/server/node_modules/mongodb/lib/core/uri_parser.js',
      function: 'parseConnectionString',
      line: 595,
      method: null,
      native: false
    },
    {
      column: 3,
      file: '/media/h-9/data/rslang/server/node_modules/mongodb/lib/operations/connect.js',
      function: 'connect',
      line: 282,
      method: null,
      native: false
    },
    {
      column: 5,
      file: '/media/h-9/data/rslang/server/node_modules/mongodb/lib/mongo_client.js',
      function: null,
      line: 225,
      method: null,
      native: false
    },
    {
      column: 3,
      file: '/media/h-9/data/rslang/server/node_modules/mongodb/lib/utils.js',
      function: 'maybePromise',
      line: 685,
      method: null,
      native: false
    },
    {
      column: 10,
      file: '/media/h-9/data/rslang/server/node_modules/mongodb/lib/mongo_client.js',
      function: 'MongoClient.connect',
      line: 221,
      method: 'connect',
      native: false
    },
    {
      column: 12,
      file: '/media/h-9/data/rslang/server/node_modules/mongoose/lib/connection.js',
      function: null,
      line: 828,
      method: null,
      native: false
    },
    {
      column: null,
      file: null,
      function: 'new Promise',
      line: null,
      method: null,
      native: false
    },
    {
      column: 19,
      file: '/media/h-9/data/rslang/server/node_modules/mongoose/lib/connection.js',
      function: 'NativeConnection.Connection.openUri',
      line: 825,
      method: 'openUri',
      native: false
    },
    {
      column: 10,
      file: '/media/h-9/data/rslang/server/node_modules/mongoose/lib/index.js',
      function: null,
      line: 348,
      method: null,
      native: false
    },
    {
      column: 5,
      file: '/media/h-9/data/rslang/server/node_modules/mongoose/lib/helpers/promiseOrCallback.js',
      function: null,
      line: 31,
      method: null,
      native: false
    },
    {
      column: null,
      file: null,
      function: 'new Promise',
      line: null,
      method: null,
      native: false
    },
    {
      column: 10,
      file: '/media/h-9/data/rslang/server/node_modules/mongoose/lib/helpers/promiseOrCallback.js',
      function: 'promiseOrCallback',
      line: 30,
      method: null,
      native: false
    },
    {
      column: 10,
      file: '/media/h-9/data/rslang/server/node_modules/mongoose/lib/index.js',
      function: 'Mongoose._promiseOrCallback',
      line: 1149,
      method: '_promiseOrCallback',
      native: false
    },
    {
      column: 20,
      file: '/media/h-9/data/rslang/server/node_modules/mongoose/lib/index.js',
      function: 'Mongoose.connect',
      line: 347,
      method: 'connect',
      native: false
    },
    {
      column: 10,
      file: '/media/h-9/data/rslang/server/src/server.js',
      function: null,
      line: 12,
      method: null,
      native: false
    }
  ],
  timestamp: '2021-03-25T20:40:35.076Z'
}
{
  message: 'Successfully connect to DB',
  level: 'info',
  timestamp: '2021-03-25T20:45:09.860Z'
}
{
  message: 'App is running on http://localhost:undefined',
  level: 'info',
  timestamp: '2021-03-25T20:45:09.897Z'
}
{
  message: 'Successfully connect to DB',
  level: 'info',
  timestamp: '2021-03-25T20:46:34.588Z'
}
{
  message: 'App is running on http://localhost:3030;',
  level: 'info',
  timestamp: '2021-03-25T20:46:34.658Z'
}
